This file contains any messages produced by compilers while
running configure, to aid debugging if configure makes a mistake.

It was created by gtoaes configure 0.8, which was
generated by GNU Autoconf 2.69.  Invocation command line was

  $ ../configure 

## --------- ##
## Platform. ##
## --------- ##

hostname = nebula
uname -m = x86_64
uname -r = 19.5.0
uname -s = Darwin
uname -v = Darwin Kernel Version 19.5.0: Tue May 26 20:41:44 PDT 2020; root:xnu-6153.121.2~2/RELEASE_X86_64

/usr/bin/uname -p = i386
/bin/uname -X     = unknown

/bin/arch              = unknown
/usr/bin/arch -k       = unknown
/usr/convex/getsysinfo = unknown
/usr/bin/hostinfo      = Mach kernel version:
	 Darwin Kernel Version 19.5.0: Tue May 26 20:41:44 PDT 2020; root:xnu-6153.121.2~2/RELEASE_X86_64
Kernel configured for up to 12 processors.
6 processors are physically available.
12 processors are logically available.
Processor type: x86_64h (Intel x86-64h Haswell)
Processors active: 0 1 2 3 4 5 6 7 8 9 10 11
Primary memory available: 16.00 gigabytes
Default processor set: 412 tasks, 1841 threads, 12 processors
Load average: 1.99, Mach factor: 10.00
/bin/machine           = unknown
/usr/bin/oslevel       = unknown
/bin/universe          = unknown

PATH: /usr/local/opt/libpq/bin
PATH: /usr/local/bin
PATH: /usr/bin
PATH: /bin
PATH: /usr/sbin
PATH: /sbin
PATH: /Library/TeX/texbin
PATH: /opt/X11/bin


## ----------- ##
## Core tests. ##
## ----------- ##

configure:2355: checking build system type
configure:2369: result: x86_64-apple-darwin19.5.0
configure:2389: checking host system type
configure:2402: result: x86_64-apple-darwin19.5.0
configure:2422: checking target system type
configure:2435: result: x86_64-apple-darwin19.5.0
configure:2478: checking for a BSD-compatible install
configure:2546: result: /usr/bin/install -c
configure:2557: checking whether build environment is sane
configure:2612: result: yes
configure:2763: checking for a thread-safe mkdir -p
configure:2802: result: ../install-sh -c -d
configure:2809: checking for gawk
configure:2839: result: no
configure:2809: checking for mawk
configure:2839: result: no
configure:2809: checking for nawk
configure:2839: result: no
configure:2809: checking for awk
configure:2825: found /usr/bin/awk
configure:2836: result: awk
configure:2847: checking whether make sets $(MAKE)
configure:2869: result: yes
configure:2898: checking whether make supports nested variables
configure:2915: result: yes
configure:3100: checking for g++
configure:3116: found /usr/bin/g++
configure:3127: result: g++
configure:3154: checking for C++ compiler version
configure:3163: g++ --version >&5
Apple clang version 11.0.0 (clang-1100.0.33.16)
Target: x86_64-apple-darwin19.5.0
Thread model: posix
InstalledDir: /Library/Developer/CommandLineTools/usr/bin
Configured with: --prefix=/Library/Developer/CommandLineTools/usr --with-gxx-include-dir=/Library/Developer/CommandLineTools/SDKs/MacOSX.sdk/usr/include/c++/4.2.1
configure:3174: $? = 0
configure:3163: g++ -v >&5
Configured with: --prefix=/Library/Developer/CommandLineTools/usr --with-gxx-include-dir=/Library/Developer/CommandLineTools/SDKs/MacOSX.sdk/usr/include/c++/4.2.1
Apple clang version 11.0.0 (clang-1100.0.33.16)
Target: x86_64-apple-darwin19.5.0
Thread model: posix
InstalledDir: /Library/Developer/CommandLineTools/usr/bin
configure:3174: $? = 0
configure:3163: g++ -V >&5
clang: error: unsupported option '-V -Wno-framework-include-private-from-public'
clang: error: no input files
configure:3174: $? = 1
configure:3163: g++ -qversion >&5
clang: error: unknown argument '-qversion', did you mean '--version'?
clang: error: no input files
configure:3174: $? = 1
configure:3194: checking whether the C++ compiler works
configure:3216: g++    conftest.cpp  >&5
configure:3220: $? = 0
configure:3268: result: yes
configure:3271: checking for C++ compiler default output file name
configure:3273: result: a.out
configure:3279: checking for suffix of executables
configure:3286: g++ -o conftest    conftest.cpp  >&5
configure:3290: $? = 0
configure:3312: result: 
configure:3334: checking whether we are cross compiling
configure:3342: g++ -o conftest    conftest.cpp  >&5
configure:3346: $? = 0
configure:3353: ./conftest
configure:3357: $? = 0
configure:3372: result: no
configure:3377: checking for suffix of object files
configure:3399: g++ -c   conftest.cpp >&5
configure:3403: $? = 0
configure:3424: result: o
configure:3428: checking whether we are using the GNU C++ compiler
configure:3447: g++ -c   conftest.cpp >&5
configure:3447: $? = 0
configure:3456: result: yes
configure:3465: checking whether g++ accepts -g
configure:3485: g++ -c -g  conftest.cpp >&5
configure:3485: $? = 0
configure:3526: result: yes
configure:3552: checking whether make supports the include directive
configure:3567: make -f confmf.GNU && cat confinc.out
this is the am__doit target
configure:3570: $? = 0
configure:3589: result: yes (GNU style)
configure:3614: checking dependency style of g++
configure:3725: result: gcc3
configure:3788: checking for gcc
configure:3804: found /usr/bin/gcc
configure:3815: result: gcc
configure:4044: checking for C compiler version
configure:4053: gcc --version >&5
Apple clang version 11.0.0 (clang-1100.0.33.16)
Target: x86_64-apple-darwin19.5.0
Thread model: posix
InstalledDir: /Library/Developer/CommandLineTools/usr/bin
Configured with: --prefix=/Library/Developer/CommandLineTools/usr --with-gxx-include-dir=/Library/Developer/CommandLineTools/SDKs/MacOSX.sdk/usr/include/c++/4.2.1
configure:4064: $? = 0
configure:4053: gcc -v >&5
Configured with: --prefix=/Library/Developer/CommandLineTools/usr --with-gxx-include-dir=/Library/Developer/CommandLineTools/SDKs/MacOSX.sdk/usr/include/c++/4.2.1
Apple clang version 11.0.0 (clang-1100.0.33.16)
Target: x86_64-apple-darwin19.5.0
Thread model: posix
InstalledDir: /Library/Developer/CommandLineTools/usr/bin
configure:4064: $? = 0
configure:4053: gcc -V >&5
clang: error: unsupported option '-V -Wno-framework-include-private-from-public'
clang: error: no input files
configure:4064: $? = 1
configure:4053: gcc -qversion >&5
clang: error: unknown argument '-qversion', did you mean '--version'?
clang: error: no input files
configure:4064: $? = 1
configure:4068: checking whether we are using the GNU C compiler
configure:4087: gcc -c   conftest.c >&5
configure:4087: $? = 0
configure:4096: result: yes
configure:4105: checking whether gcc accepts -g
configure:4125: gcc -c -g  conftest.c >&5
configure:4125: $? = 0
configure:4166: result: yes
configure:4183: checking for gcc option to accept ISO C89
configure:4246: gcc  -c -g -O2  conftest.c >&5
configure:4246: $? = 0
configure:4259: result: none needed
configure:4284: checking whether gcc understands -c and -o together
configure:4306: gcc -c conftest.c -o conftest2.o
configure:4309: $? = 0
configure:4306: gcc -c conftest.c -o conftest2.o
configure:4309: $? = 0
configure:4321: result: yes
configure:4340: checking dependency style of gcc
configure:4451: result: gcc3
configure:4471: checking how to run the C preprocessor
configure:4502: gcc -E  conftest.c
configure:4502: $? = 0
configure:4516: gcc -E  conftest.c
conftest.c:11:10: fatal error: 'ac_nonexistent.h' file not found
#include <ac_nonexistent.h>
         ^~~~~~~~~~~~~~~~~~
1 error generated.
configure:4516: $? = 1
configure: failed program was:
| /* confdefs.h */
| #define PACKAGE_NAME "gtoaes"
| #define PACKAGE_TARNAME "gtoaes"
| #define PACKAGE_VERSION "0.8"
| #define PACKAGE_STRING "gtoaes 0.8"
| #define PACKAGE_BUGREPORT ""
| #define PACKAGE_URL ""
| #define PACKAGE "gtoaes"
| #define VERSION "0.8"
| /* end confdefs.h.  */
| #include <ac_nonexistent.h>
configure:4541: result: gcc -E
configure:4561: gcc -E  conftest.c
configure:4561: $? = 0
configure:4575: gcc -E  conftest.c
conftest.c:11:10: fatal error: 'ac_nonexistent.h' file not found
#include <ac_nonexistent.h>
         ^~~~~~~~~~~~~~~~~~
1 error generated.
configure:4575: $? = 1
configure: failed program was:
| /* confdefs.h */
| #define PACKAGE_NAME "gtoaes"
| #define PACKAGE_TARNAME "gtoaes"
| #define PACKAGE_VERSION "0.8"
| #define PACKAGE_STRING "gtoaes 0.8"
| #define PACKAGE_BUGREPORT ""
| #define PACKAGE_URL ""
| #define PACKAGE "gtoaes"
| #define VERSION "0.8"
| /* end confdefs.h.  */
| #include <ac_nonexistent.h>
configure:4681: checking for ftruncate
configure:4681: gcc -o conftest -g -O2   conftest.c  >&5
configure:4681: $? = 0
configure:4681: result: yes
configure:4681: checking for gettimeofday
configure:4681: gcc -o conftest -g -O2   conftest.c  >&5
configure:4681: $? = 0
configure:4681: result: yes
configure:4681: checking for memset
configure:4681: gcc -o conftest -g -O2   conftest.c  >&5
conftest.c:36:6: warning: incompatible redeclaration of library function 'memset' [-Wincompatible-library-redeclaration]
char memset ();
     ^
conftest.c:36:6: note: 'memset' is a builtin with type 'void *(void *, int, unsigned long)'
1 warning generated.
configure:4681: $? = 0
configure:4681: result: yes
configure:4681: checking for mkdir
configure:4681: gcc -o conftest -g -O2   conftest.c  >&5
configure:4681: $? = 0
configure:4681: result: yes
configure:4681: checking for select
configure:4681: gcc -o conftest -g -O2   conftest.c  >&5
configure:4681: $? = 0
configure:4681: result: yes
configure:4681: checking for socket
configure:4681: gcc -o conftest -g -O2   conftest.c  >&5
configure:4681: $? = 0
configure:4681: result: yes
configure:4681: checking for strerror
configure:4681: gcc -o conftest -g -O2   conftest.c  >&5
conftest.c:40:6: warning: incompatible redeclaration of library function 'strerror' [-Wincompatible-library-redeclaration]
char strerror ();
     ^
conftest.c:40:6: note: 'strerror' is a builtin with type 'char *(int)'
1 warning generated.
configure:4681: $? = 0
configure:4681: result: yes
configure:4691: checking for grep that handles long lines and -e
configure:4749: result: /usr/bin/grep
configure:4754: checking for egrep
configure:4816: result: /usr/bin/grep -E
configure:4821: checking for ANSI C header files
configure:4841: gcc -c -g -O2  conftest.c >&5
configure:4841: $? = 0
configure:4914: gcc -o conftest -g -O2   conftest.c  >&5
configure:4914: $? = 0
configure:4914: ./conftest
configure:4914: $? = 0
configure:4925: result: yes
configure:4938: checking for sys/types.h
configure:4938: gcc -c -g -O2  conftest.c >&5
configure:4938: $? = 0
configure:4938: result: yes
configure:4938: checking for sys/stat.h
configure:4938: gcc -c -g -O2  conftest.c >&5
configure:4938: $? = 0
configure:4938: result: yes
configure:4938: checking for stdlib.h
configure:4938: gcc -c -g -O2  conftest.c >&5
configure:4938: $? = 0
configure:4938: result: yes
configure:4938: checking for string.h
configure:4938: gcc -c -g -O2  conftest.c >&5
configure:4938: $? = 0
configure:4938: result: yes
configure:4938: checking for memory.h
configure:4938: gcc -c -g -O2  conftest.c >&5
configure:4938: $? = 0
configure:4938: result: yes
configure:4938: checking for strings.h
configure:4938: gcc -c -g -O2  conftest.c >&5
configure:4938: $? = 0
configure:4938: result: yes
configure:4938: checking for inttypes.h
configure:4938: gcc -c -g -O2  conftest.c >&5
configure:4938: $? = 0
configure:4938: result: yes
configure:4938: checking for stdint.h
configure:4938: gcc -c -g -O2  conftest.c >&5
configure:4938: $? = 0
configure:4938: result: yes
configure:4938: checking for unistd.h
configure:4938: gcc -c -g -O2  conftest.c >&5
configure:4938: $? = 0
configure:4938: result: yes
configure:4953: checking fcntl.h usability
configure:4953: gcc -c -g -O2  conftest.c >&5
configure:4953: $? = 0
configure:4953: result: yes
configure:4953: checking fcntl.h presence
configure:4953: gcc -E  conftest.c
configure:4953: $? = 0
configure:4953: result: yes
configure:4953: checking for fcntl.h
configure:4953: result: yes
configure:4953: checking netdb.h usability
configure:4953: gcc -c -g -O2  conftest.c >&5
configure:4953: $? = 0
configure:4953: result: yes
configure:4953: checking netdb.h presence
configure:4953: gcc -E  conftest.c
configure:4953: $? = 0
configure:4953: result: yes
configure:4953: checking for netdb.h
configure:4953: result: yes
configure:4953: checking for stdlib.h
configure:4953: result: yes
configure:4953: checking for string.h
configure:4953: result: yes
configure:4953: checking sys/socket.h usability
configure:4953: gcc -c -g -O2  conftest.c >&5
configure:4953: $? = 0
configure:4953: result: yes
configure:4953: checking sys/socket.h presence
configure:4953: gcc -E  conftest.c
configure:4953: $? = 0
configure:4953: result: yes
configure:4953: checking for sys/socket.h
configure:4953: result: yes
configure:4953: checking sys/time.h usability
configure:4953: gcc -c -g -O2  conftest.c >&5
configure:4953: $? = 0
configure:4953: result: yes
configure:4953: checking sys/time.h presence
configure:4953: gcc -E  conftest.c
configure:4953: $? = 0
configure:4953: result: yes
configure:4953: checking for sys/time.h
configure:4953: result: yes
configure:4953: checking syslog.h usability
configure:4953: gcc -c -g -O2  conftest.c >&5
configure:4953: $? = 0
configure:4953: result: yes
configure:4953: checking syslog.h presence
configure:4953: gcc -E  conftest.c
configure:4953: $? = 0
configure:4953: result: yes
configure:4953: checking for syslog.h
configure:4953: result: yes
configure:4953: checking for unistd.h
configure:4953: result: yes
configure:4963: checking for stdbool.h that conforms to C99
configure:5030: gcc -c -g -O2  conftest.c >&5
conftest.c:85:24: warning: address of 's' will always evaluate to 'true' [-Wpointer-bool-conversion]
             bool e = &s;
                  ~    ^
conftest.c:89:23: warning: address of array 'a' will always evaluate to 'true' [-Wpointer-bool-conversion]
             return (!a + !b + !c + !d + !e + !f + !g + !h + !i + !!j + !k + !!l
                     ~^
conftest.c:89:28: warning: address of array 'b' will always evaluate to 'true' [-Wpointer-bool-conversion]
             return (!a + !b + !c + !d + !e + !f + !g + !h + !i + !!j + !k + !!l
                          ~^
conftest.c:89:33: warning: address of array 'c' will always evaluate to 'true' [-Wpointer-bool-conversion]
             return (!a + !b + !c + !d + !e + !f + !g + !h + !i + !!j + !k + !!l
                               ~^
conftest.c:89:38: warning: address of array 'd' will always evaluate to 'true' [-Wpointer-bool-conversion]
             return (!a + !b + !c + !d + !e + !f + !g + !h + !i + !!j + !k + !!l
                                    ~^
conftest.c:89:48: warning: address of array 'f' will always evaluate to 'true' [-Wpointer-bool-conversion]
             return (!a + !b + !c + !d + !e + !f + !g + !h + !i + !!j + !k + !!l
                                              ~^
conftest.c:89:53: warning: address of array 'g' will always evaluate to 'true' [-Wpointer-bool-conversion]
             return (!a + !b + !c + !d + !e + !f + !g + !h + !i + !!j + !k + !!l
                                                   ~^
conftest.c:89:58: warning: address of array 'h' will always evaluate to 'true' [-Wpointer-bool-conversion]
             return (!a + !b + !c + !d + !e + !f + !g + !h + !i + !!j + !k + !!l
                                                        ~^
conftest.c:89:63: warning: address of array 'i' will always evaluate to 'true' [-Wpointer-bool-conversion]
             return (!a + !b + !c + !d + !e + !f + !g + !h + !i + !!j + !k + !!l
                                                             ~^
conftest.c:90:30: warning: address of array 'n' will always evaluate to 'true' [-Wpointer-bool-conversion]
                            ~^
conftest.c:90:35: warning: address of array 'o' will always evaluate to 'true' [-Wpointer-bool-conversion]
                                 ~^
conftest.c:90:40: warning: address of array 'p' will always evaluate to 'true' [-Wpointer-bool-conversion]
                                      ~^
12 warnings generated.
configure:5030: $? = 0
configure:5037: result: yes
configure:5039: checking for _Bool
configure:5039: gcc -c -g -O2  conftest.c >&5
configure:5039: $? = 0
configure:5039: gcc -c -g -O2  conftest.c >&5
conftest.c:72:20: error: expected expression
if (sizeof ((_Bool)))
                   ^
1 error generated.
configure:5039: $? = 1
configure: failed program was:
| /* confdefs.h */
| #define PACKAGE_NAME "gtoaes"
| #define PACKAGE_TARNAME "gtoaes"
| #define PACKAGE_VERSION "0.8"
| #define PACKAGE_STRING "gtoaes 0.8"
| #define PACKAGE_BUGREPORT ""
| #define PACKAGE_URL ""
| #define PACKAGE "gtoaes"
| #define VERSION "0.8"
| #define HAVE_FTRUNCATE 1
| #define HAVE_GETTIMEOFDAY 1
| #define HAVE_MEMSET 1
| #define HAVE_MKDIR 1
| #define HAVE_SELECT 1
| #define HAVE_SOCKET 1
| #define HAVE_STRERROR 1
| #define STDC_HEADERS 1
| #define HAVE_SYS_TYPES_H 1
| #define HAVE_SYS_STAT_H 1
| #define HAVE_STDLIB_H 1
| #define HAVE_STRING_H 1
| #define HAVE_MEMORY_H 1
| #define HAVE_STRINGS_H 1
| #define HAVE_INTTYPES_H 1
| #define HAVE_STDINT_H 1
| #define HAVE_UNISTD_H 1
| #define HAVE_FCNTL_H 1
| #define HAVE_NETDB_H 1
| #define HAVE_STDLIB_H 1
| #define HAVE_STRING_H 1
| #define HAVE_SYS_SOCKET_H 1
| #define HAVE_SYS_TIME_H 1
| #define HAVE_SYSLOG_H 1
| #define HAVE_UNISTD_H 1
| /* end confdefs.h.  */
| #include <stdio.h>
| #ifdef HAVE_SYS_TYPES_H
| # include <sys/types.h>
| #endif
| #ifdef HAVE_SYS_STAT_H
| # include <sys/stat.h>
| #endif
| #ifdef STDC_HEADERS
| # include <stdlib.h>
| # include <stddef.h>
| #else
| # ifdef HAVE_STDLIB_H
| #  include <stdlib.h>
| # endif
| #endif
| #ifdef HAVE_STRING_H
| # if !defined STDC_HEADERS && defined HAVE_MEMORY_H
| #  include <memory.h>
| # endif
| # include <string.h>
| #endif
| #ifdef HAVE_STRINGS_H
| # include <strings.h>
| #endif
| #ifdef HAVE_INTTYPES_H
| # include <inttypes.h>
| #endif
| #ifdef HAVE_STDINT_H
| # include <stdint.h>
| #endif
| #ifdef HAVE_UNISTD_H
| # include <unistd.h>
| #endif
| int
| main ()
| {
| if (sizeof ((_Bool)))
| 	    return 0;
|   ;
|   return 0;
| }
configure:5039: result: yes
configure:5050: checking for pid_t
configure:5050: gcc -c -g -O2  conftest.c >&5
configure:5050: $? = 0
configure:5050: gcc -c -g -O2  conftest.c >&5
conftest.c:73:20: error: expected expression
if (sizeof ((pid_t)))
                   ^
1 error generated.
configure:5050: $? = 1
configure: failed program was:
| /* confdefs.h */
| #define PACKAGE_NAME "gtoaes"
| #define PACKAGE_TARNAME "gtoaes"
| #define PACKAGE_VERSION "0.8"
| #define PACKAGE_STRING "gtoaes 0.8"
| #define PACKAGE_BUGREPORT ""
| #define PACKAGE_URL ""
| #define PACKAGE "gtoaes"
| #define VERSION "0.8"
| #define HAVE_FTRUNCATE 1
| #define HAVE_GETTIMEOFDAY 1
| #define HAVE_MEMSET 1
| #define HAVE_MKDIR 1
| #define HAVE_SELECT 1
| #define HAVE_SOCKET 1
| #define HAVE_STRERROR 1
| #define STDC_HEADERS 1
| #define HAVE_SYS_TYPES_H 1
| #define HAVE_SYS_STAT_H 1
| #define HAVE_STDLIB_H 1
| #define HAVE_STRING_H 1
| #define HAVE_MEMORY_H 1
| #define HAVE_STRINGS_H 1
| #define HAVE_INTTYPES_H 1
| #define HAVE_STDINT_H 1
| #define HAVE_UNISTD_H 1
| #define HAVE_FCNTL_H 1
| #define HAVE_NETDB_H 1
| #define HAVE_STDLIB_H 1
| #define HAVE_STRING_H 1
| #define HAVE_SYS_SOCKET_H 1
| #define HAVE_SYS_TIME_H 1
| #define HAVE_SYSLOG_H 1
| #define HAVE_UNISTD_H 1
| #define HAVE__BOOL 1
| /* end confdefs.h.  */
| #include <stdio.h>
| #ifdef HAVE_SYS_TYPES_H
| # include <sys/types.h>
| #endif
| #ifdef HAVE_SYS_STAT_H
| # include <sys/stat.h>
| #endif
| #ifdef STDC_HEADERS
| # include <stdlib.h>
| # include <stddef.h>
| #else
| # ifdef HAVE_STDLIB_H
| #  include <stdlib.h>
| # endif
| #endif
| #ifdef HAVE_STRING_H
| # if !defined STDC_HEADERS && defined HAVE_MEMORY_H
| #  include <memory.h>
| # endif
| # include <string.h>
| #endif
| #ifdef HAVE_STRINGS_H
| # include <strings.h>
| #endif
| #ifdef HAVE_INTTYPES_H
| # include <inttypes.h>
| #endif
| #ifdef HAVE_STDINT_H
| # include <stdint.h>
| #endif
| #ifdef HAVE_UNISTD_H
| # include <unistd.h>
| #endif
| int
| main ()
| {
| if (sizeof ((pid_t)))
| 	    return 0;
|   ;
|   return 0;
| }
configure:5050: result: yes
configure:5063: checking vfork.h usability
configure:5063: gcc -c -g -O2  conftest.c >&5
conftest.c:70:10: fatal error: 'vfork.h' file not found
#include <vfork.h>
         ^~~~~~~~~
1 error generated.
configure:5063: $? = 1
configure: failed program was:
| /* confdefs.h */
| #define PACKAGE_NAME "gtoaes"
| #define PACKAGE_TARNAME "gtoaes"
| #define PACKAGE_VERSION "0.8"
| #define PACKAGE_STRING "gtoaes 0.8"
| #define PACKAGE_BUGREPORT ""
| #define PACKAGE_URL ""
| #define PACKAGE "gtoaes"
| #define VERSION "0.8"
| #define HAVE_FTRUNCATE 1
| #define HAVE_GETTIMEOFDAY 1
| #define HAVE_MEMSET 1
| #define HAVE_MKDIR 1
| #define HAVE_SELECT 1
| #define HAVE_SOCKET 1
| #define HAVE_STRERROR 1
| #define STDC_HEADERS 1
| #define HAVE_SYS_TYPES_H 1
| #define HAVE_SYS_STAT_H 1
| #define HAVE_STDLIB_H 1
| #define HAVE_STRING_H 1
| #define HAVE_MEMORY_H 1
| #define HAVE_STRINGS_H 1
| #define HAVE_INTTYPES_H 1
| #define HAVE_STDINT_H 1
| #define HAVE_UNISTD_H 1
| #define HAVE_FCNTL_H 1
| #define HAVE_NETDB_H 1
| #define HAVE_STDLIB_H 1
| #define HAVE_STRING_H 1
| #define HAVE_SYS_SOCKET_H 1
| #define HAVE_SYS_TIME_H 1
| #define HAVE_SYSLOG_H 1
| #define HAVE_UNISTD_H 1
| #define HAVE__BOOL 1
| /* end confdefs.h.  */
| #include <stdio.h>
| #ifdef HAVE_SYS_TYPES_H
| # include <sys/types.h>
| #endif
| #ifdef HAVE_SYS_STAT_H
| # include <sys/stat.h>
| #endif
| #ifdef STDC_HEADERS
| # include <stdlib.h>
| # include <stddef.h>
| #else
| # ifdef HAVE_STDLIB_H
| #  include <stdlib.h>
| # endif
| #endif
| #ifdef HAVE_STRING_H
| # if !defined STDC_HEADERS && defined HAVE_MEMORY_H
| #  include <memory.h>
| # endif
| # include <string.h>
| #endif
| #ifdef HAVE_STRINGS_H
| # include <strings.h>
| #endif
| #ifdef HAVE_INTTYPES_H
| # include <inttypes.h>
| #endif
| #ifdef HAVE_STDINT_H
| # include <stdint.h>
| #endif
| #ifdef HAVE_UNISTD_H
| # include <unistd.h>
| #endif
| #include <vfork.h>
configure:5063: result: no
configure:5063: checking vfork.h presence
configure:5063: gcc -E  conftest.c
conftest.c:37:10: fatal error: 'vfork.h' file not found
#include <vfork.h>
         ^~~~~~~~~
1 error generated.
configure:5063: $? = 1
configure: failed program was:
| /* confdefs.h */
| #define PACKAGE_NAME "gtoaes"
| #define PACKAGE_TARNAME "gtoaes"
| #define PACKAGE_VERSION "0.8"
| #define PACKAGE_STRING "gtoaes 0.8"
| #define PACKAGE_BUGREPORT ""
| #define PACKAGE_URL ""
| #define PACKAGE "gtoaes"
| #define VERSION "0.8"
| #define HAVE_FTRUNCATE 1
| #define HAVE_GETTIMEOFDAY 1
| #define HAVE_MEMSET 1
| #define HAVE_MKDIR 1
| #define HAVE_SELECT 1
| #define HAVE_SOCKET 1
| #define HAVE_STRERROR 1
| #define STDC_HEADERS 1
| #define HAVE_SYS_TYPES_H 1
| #define HAVE_SYS_STAT_H 1
| #define HAVE_STDLIB_H 1
| #define HAVE_STRING_H 1
| #define HAVE_MEMORY_H 1
| #define HAVE_STRINGS_H 1
| #define HAVE_INTTYPES_H 1
| #define HAVE_STDINT_H 1
| #define HAVE_UNISTD_H 1
| #define HAVE_FCNTL_H 1
| #define HAVE_NETDB_H 1
| #define HAVE_STDLIB_H 1
| #define HAVE_STRING_H 1
| #define HAVE_SYS_SOCKET_H 1
| #define HAVE_SYS_TIME_H 1
| #define HAVE_SYSLOG_H 1
| #define HAVE_UNISTD_H 1
| #define HAVE__BOOL 1
| /* end confdefs.h.  */
| #include <vfork.h>
configure:5063: result: no
configure:5063: checking for vfork.h
configure:5063: result: no
configure:5076: checking for fork
configure:5076: gcc -o conftest -g -O2   conftest.c  >&5
configure:5076: $? = 0
configure:5076: result: yes
configure:5076: checking for vfork
configure:5076: gcc -o conftest -g -O2   conftest.c  >&5
conftest.c:61:6: warning: incompatible redeclaration of library function 'vfork' [-Wincompatible-library-redeclaration]
char vfork ();
     ^
conftest.c:61:6: note: 'vfork' is a builtin with type 'int (void)'
1 warning generated.
configure:5076: $? = 0
configure:5076: result: yes
configure:5086: checking for working fork
configure:5108: gcc -o conftest -g -O2   conftest.c  >&5
configure:5108: $? = 0
configure:5108: ./conftest
configure:5108: $? = 0
configure:5118: result: yes
configure:5139: checking for working vfork
configure:5249: result: yes
configure:5276: checking for stdlib.h
configure:5276: result: yes
configure:5286: checking for GNU libc compatible malloc
configure:5310: gcc -o conftest -g -O2   conftest.c  >&5
configure:5310: $? = 0
configure:5310: ./conftest
configure:5310: $? = 0
configure:5320: result: yes
configure:5343: checking for stdlib.h
configure:5343: result: yes
configure:5353: checking for GNU libc compatible realloc
configure:5377: gcc -o conftest -g -O2   conftest.c  >&5
configure:5377: $? = 0
configure:5377: ./conftest
configure:5377: $? = 0
configure:5387: result: yes
configure:5408: checking for off_t
configure:5408: gcc -c -g -O2  conftest.c >&5
configure:5408: $? = 0
configure:5408: gcc -c -g -O2  conftest.c >&5
conftest.c:81:20: error: expected expression
if (sizeof ((off_t)))
                   ^
1 error generated.
configure:5408: $? = 1
configure: failed program was:
| /* confdefs.h */
| #define PACKAGE_NAME "gtoaes"
| #define PACKAGE_TARNAME "gtoaes"
| #define PACKAGE_VERSION "0.8"
| #define PACKAGE_STRING "gtoaes 0.8"
| #define PACKAGE_BUGREPORT ""
| #define PACKAGE_URL ""
| #define PACKAGE "gtoaes"
| #define VERSION "0.8"
| #define HAVE_FTRUNCATE 1
| #define HAVE_GETTIMEOFDAY 1
| #define HAVE_MEMSET 1
| #define HAVE_MKDIR 1
| #define HAVE_SELECT 1
| #define HAVE_SOCKET 1
| #define HAVE_STRERROR 1
| #define STDC_HEADERS 1
| #define HAVE_SYS_TYPES_H 1
| #define HAVE_SYS_STAT_H 1
| #define HAVE_STDLIB_H 1
| #define HAVE_STRING_H 1
| #define HAVE_MEMORY_H 1
| #define HAVE_STRINGS_H 1
| #define HAVE_INTTYPES_H 1
| #define HAVE_STDINT_H 1
| #define HAVE_UNISTD_H 1
| #define HAVE_FCNTL_H 1
| #define HAVE_NETDB_H 1
| #define HAVE_STDLIB_H 1
| #define HAVE_STRING_H 1
| #define HAVE_SYS_SOCKET_H 1
| #define HAVE_SYS_TIME_H 1
| #define HAVE_SYSLOG_H 1
| #define HAVE_UNISTD_H 1
| #define HAVE__BOOL 1
| #define HAVE_FORK 1
| #define HAVE_VFORK 1
| #define HAVE_WORKING_VFORK 1
| #define HAVE_WORKING_FORK 1
| #define HAVE_STDLIB_H 1
| #define HAVE_MALLOC 1
| #define HAVE_STDLIB_H 1
| #define HAVE_REALLOC 1
| /* end confdefs.h.  */
| #include <stdio.h>
| #ifdef HAVE_SYS_TYPES_H
| # include <sys/types.h>
| #endif
| #ifdef HAVE_SYS_STAT_H
| # include <sys/stat.h>
| #endif
| #ifdef STDC_HEADERS
| # include <stdlib.h>
| # include <stddef.h>
| #else
| # ifdef HAVE_STDLIB_H
| #  include <stdlib.h>
| # endif
| #endif
| #ifdef HAVE_STRING_H
| # if !defined STDC_HEADERS && defined HAVE_MEMORY_H
| #  include <memory.h>
| # endif
| # include <string.h>
| #endif
| #ifdef HAVE_STRINGS_H
| # include <strings.h>
| #endif
| #ifdef HAVE_INTTYPES_H
| # include <inttypes.h>
| #endif
| #ifdef HAVE_STDINT_H
| # include <stdint.h>
| #endif
| #ifdef HAVE_UNISTD_H
| # include <unistd.h>
| #endif
| int
| main ()
| {
| if (sizeof ((off_t)))
| 	    return 0;
|   ;
|   return 0;
| }
configure:5408: result: yes
configure:5419: checking for pid_t
configure:5419: result: yes
configure:5430: checking for size_t
configure:5430: gcc -c -g -O2  conftest.c >&5
configure:5430: $? = 0
configure:5430: gcc -c -g -O2  conftest.c >&5
conftest.c:81:21: error: expected expression
if (sizeof ((size_t)))
                    ^
1 error generated.
configure:5430: $? = 1
configure: failed program was:
| /* confdefs.h */
| #define PACKAGE_NAME "gtoaes"
| #define PACKAGE_TARNAME "gtoaes"
| #define PACKAGE_VERSION "0.8"
| #define PACKAGE_STRING "gtoaes 0.8"
| #define PACKAGE_BUGREPORT ""
| #define PACKAGE_URL ""
| #define PACKAGE "gtoaes"
| #define VERSION "0.8"
| #define HAVE_FTRUNCATE 1
| #define HAVE_GETTIMEOFDAY 1
| #define HAVE_MEMSET 1
| #define HAVE_MKDIR 1
| #define HAVE_SELECT 1
| #define HAVE_SOCKET 1
| #define HAVE_STRERROR 1
| #define STDC_HEADERS 1
| #define HAVE_SYS_TYPES_H 1
| #define HAVE_SYS_STAT_H 1
| #define HAVE_STDLIB_H 1
| #define HAVE_STRING_H 1
| #define HAVE_MEMORY_H 1
| #define HAVE_STRINGS_H 1
| #define HAVE_INTTYPES_H 1
| #define HAVE_STDINT_H 1
| #define HAVE_UNISTD_H 1
| #define HAVE_FCNTL_H 1
| #define HAVE_NETDB_H 1
| #define HAVE_STDLIB_H 1
| #define HAVE_STRING_H 1
| #define HAVE_SYS_SOCKET_H 1
| #define HAVE_SYS_TIME_H 1
| #define HAVE_SYSLOG_H 1
| #define HAVE_UNISTD_H 1
| #define HAVE__BOOL 1
| #define HAVE_FORK 1
| #define HAVE_VFORK 1
| #define HAVE_WORKING_VFORK 1
| #define HAVE_WORKING_FORK 1
| #define HAVE_STDLIB_H 1
| #define HAVE_MALLOC 1
| #define HAVE_STDLIB_H 1
| #define HAVE_REALLOC 1
| /* end confdefs.h.  */
| #include <stdio.h>
| #ifdef HAVE_SYS_TYPES_H
| # include <sys/types.h>
| #endif
| #ifdef HAVE_SYS_STAT_H
| # include <sys/stat.h>
| #endif
| #ifdef STDC_HEADERS
| # include <stdlib.h>
| # include <stddef.h>
| #else
| # ifdef HAVE_STDLIB_H
| #  include <stdlib.h>
| # endif
| #endif
| #ifdef HAVE_STRING_H
| # if !defined STDC_HEADERS && defined HAVE_MEMORY_H
| #  include <memory.h>
| # endif
| # include <string.h>
| #endif
| #ifdef HAVE_STRINGS_H
| # include <strings.h>
| #endif
| #ifdef HAVE_INTTYPES_H
| # include <inttypes.h>
| #endif
| #ifdef HAVE_STDINT_H
| # include <stdint.h>
| #endif
| #ifdef HAVE_UNISTD_H
| # include <unistd.h>
| #endif
| int
| main ()
| {
| if (sizeof ((size_t)))
| 	    return 0;
|   ;
|   return 0;
| }
configure:5430: result: yes
configure:5441: checking for uint16_t
configure:5441: gcc -c -g -O2  conftest.c >&5
configure:5441: $? = 0
configure:5441: result: yes
configure:5453: checking for uint32_t
configure:5453: gcc -c -g -O2  conftest.c >&5
configure:5453: $? = 0
configure:5453: result: yes
configure:5579: checking that generated files are newer than configure
configure:5585: result: done
configure:5628: creating ./config.status

## ---------------------- ##
## Running config.status. ##
## ---------------------- ##

This file was extended by gtoaes config.status 0.8, which was
generated by GNU Autoconf 2.69.  Invocation command line was

  CONFIG_FILES    = 
  CONFIG_HEADERS  = 
  CONFIG_LINKS    = 
  CONFIG_COMMANDS = 
  $ ./config.status 

on nebula

config.status:903: creating Makefile
config.status:903: creating src/Makefile
config.status:903: creating config.h
config.status:1117: executing depfiles commands
config.status:1194: cd src       && sed -e '/# am--include-marker/d' Makefile         | make -f - am--depfiles
config.status:1199: $? = 0

## ---------------- ##
## Cache variables. ##
## ---------------- ##

ac_cv_build=x86_64-apple-darwin19.5.0
ac_cv_c_compiler_gnu=yes
ac_cv_c_uint16_t=yes
ac_cv_c_uint32_t=yes
ac_cv_cxx_compiler_gnu=yes
ac_cv_env_CCC_set=
ac_cv_env_CCC_value=
ac_cv_env_CC_set=
ac_cv_env_CC_value=
ac_cv_env_CFLAGS_set=
ac_cv_env_CFLAGS_value=
ac_cv_env_CPPFLAGS_set=
ac_cv_env_CPPFLAGS_value=
ac_cv_env_CPP_set=
ac_cv_env_CPP_value=
ac_cv_env_CXXFLAGS_set=
ac_cv_env_CXXFLAGS_value=
ac_cv_env_CXX_set=
ac_cv_env_CXX_value=
ac_cv_env_LDFLAGS_set=
ac_cv_env_LDFLAGS_value=
ac_cv_env_LIBS_set=
ac_cv_env_LIBS_value=
ac_cv_env_build_alias_set=
ac_cv_env_build_alias_value=
ac_cv_env_host_alias_set=
ac_cv_env_host_alias_value=
ac_cv_env_target_alias_set=
ac_cv_env_target_alias_value=
ac_cv_func_fork=yes
ac_cv_func_fork_works=yes
ac_cv_func_ftruncate=yes
ac_cv_func_gettimeofday=yes
ac_cv_func_malloc_0_nonnull=yes
ac_cv_func_memset=yes
ac_cv_func_mkdir=yes
ac_cv_func_realloc_0_nonnull=yes
ac_cv_func_select=yes
ac_cv_func_socket=yes
ac_cv_func_strerror=yes
ac_cv_func_vfork=yes
ac_cv_func_vfork_works=yes
ac_cv_header_fcntl_h=yes
ac_cv_header_inttypes_h=yes
ac_cv_header_memory_h=yes
ac_cv_header_netdb_h=yes
ac_cv_header_stdbool_h=yes
ac_cv_header_stdc=yes
ac_cv_header_stdint_h=yes
ac_cv_header_stdlib_h=yes
ac_cv_header_string_h=yes
ac_cv_header_strings_h=yes
ac_cv_header_sys_socket_h=yes
ac_cv_header_sys_stat_h=yes
ac_cv_header_sys_time_h=yes
ac_cv_header_sys_types_h=yes
ac_cv_header_syslog_h=yes
ac_cv_header_unistd_h=yes
ac_cv_header_vfork_h=no
ac_cv_host=x86_64-apple-darwin19.5.0
ac_cv_objext=o
ac_cv_path_EGREP='/usr/bin/grep -E'
ac_cv_path_GREP=/usr/bin/grep
ac_cv_path_install='/usr/bin/install -c'
ac_cv_prog_AWK=awk
ac_cv_prog_CPP='gcc -E'
ac_cv_prog_ac_ct_CC=gcc
ac_cv_prog_ac_ct_CXX=g++
ac_cv_prog_cc_c89=
ac_cv_prog_cc_g=yes
ac_cv_prog_cxx_g=yes
ac_cv_prog_make_make_set=yes
ac_cv_target=x86_64-apple-darwin19.5.0
ac_cv_type__Bool=yes
ac_cv_type_off_t=yes
ac_cv_type_pid_t=yes
ac_cv_type_size_t=yes
am_cv_CC_dependencies_compiler_type=gcc3
am_cv_CXX_dependencies_compiler_type=gcc3
am_cv_make_support_nested_variables=yes
am_cv_prog_cc_c_o=yes

## ----------------- ##
## Output variables. ##
## ----------------- ##

ACLOCAL='${SHELL} /Users/lxm/Workspace/gtoaes/missing aclocal-1.16'
AMDEPBACKSLASH='\'
AMDEP_FALSE='#'
AMDEP_TRUE=''
AMTAR='$${TAR-tar}'
AM_BACKSLASH='\'
AM_DEFAULT_V='$(AM_DEFAULT_VERBOSITY)'
AM_DEFAULT_VERBOSITY='1'
AM_V='$(V)'
AUTOCONF='${SHELL} /Users/lxm/Workspace/gtoaes/missing autoconf'
AUTOHEADER='${SHELL} /Users/lxm/Workspace/gtoaes/missing autoheader'
AUTOMAKE='${SHELL} /Users/lxm/Workspace/gtoaes/missing automake-1.16'
AWK='awk'
CC='gcc'
CCDEPMODE='depmode=gcc3'
CFLAGS='-g -O2'
CPP='gcc -E'
CPPFLAGS=''
CXX='g++'
CXXDEPMODE='depmode=gcc3'
CXXFLAGS='-std=c++0x'
CYGPATH_W='echo'
DEBUG_FALSE=''
DEBUG_TRUE='#'
DEFS='-DHAVE_CONFIG_H'
DEPDIR='.deps'
ECHO_C='\c'
ECHO_N=''
ECHO_T=''
EGREP='/usr/bin/grep -E'
EXEEXT=''
GREP='/usr/bin/grep'
INSTALL_DATA='${INSTALL} -m 644'
INSTALL_PROGRAM='${INSTALL}'
INSTALL_SCRIPT='${INSTALL}'
INSTALL_STRIP_PROGRAM='$(install_sh) -c -s'
LDFLAGS=''
LIBOBJS=''
LIBS=''
LINUX_FALSE=''
LINUX_TRUE='#'
LTLIBOBJS=''
MAKEINFO='${SHELL} /Users/lxm/Workspace/gtoaes/missing makeinfo'
MKDIR_P='../install-sh -c -d'
OBJEXT='o'
OSX_FALSE='#'
OSX_TRUE=''
PACKAGE='gtoaes'
PACKAGE_BUGREPORT=''
PACKAGE_NAME='gtoaes'
PACKAGE_STRING='gtoaes 0.8'
PACKAGE_TARNAME='gtoaes'
PACKAGE_URL=''
PACKAGE_VERSION='0.8'
PATH_SEPARATOR=':'
SET_MAKE=''
SHELL='/bin/sh'
STRIP=''
VERSION='0.8'
WINDOWS_FALSE=''
WINDOWS_TRUE='#'
ac_ct_CC='gcc'
ac_ct_CXX='g++'
am__EXEEXT_FALSE=''
am__EXEEXT_TRUE='#'
am__fastdepCC_FALSE='#'
am__fastdepCC_TRUE=''
am__fastdepCXX_FALSE='#'
am__fastdepCXX_TRUE=''
am__include='include'
am__isrc=' -I$(srcdir)'
am__leading_dot='.'
am__nodep='_no'
am__quote=''
am__tar='$${TAR-tar} chof - "$$tardir"'
am__untar='$${TAR-tar} xf -'
bindir='${exec_prefix}/bin'
build='x86_64-apple-darwin19.5.0'
build_alias=''
build_cpu='x86_64'
build_os='darwin19.5.0'
build_vendor='apple'
datadir='${datarootdir}'
datarootdir='${prefix}/share'
docdir='${datarootdir}/doc/${PACKAGE_TARNAME}'
dvidir='${docdir}'
exec_prefix='${prefix}'
host='x86_64-apple-darwin19.5.0'
host_alias=''
host_cpu='x86_64'
host_os='darwin19.5.0'
host_vendor='apple'
htmldir='${docdir}'
includedir='${prefix}/include'
infodir='${datarootdir}/info'
install_sh='${SHELL} /Users/lxm/Workspace/gtoaes/install-sh'
libdir='${exec_prefix}/lib'
libexecdir='${exec_prefix}/libexec'
localedir='${datarootdir}/locale'
localstatedir='${prefix}/var'
mandir='${datarootdir}/man'
mkdir_p='$(MKDIR_P)'
oldincludedir='/usr/include'
pdfdir='${docdir}'
prefix='/usr/local'
program_transform_name='s,x,x,'
psdir='${docdir}'
sbindir='${exec_prefix}/sbin'
sharedstatedir='${prefix}/com'
sysconfdir='${prefix}/etc'
target='x86_64-apple-darwin19.5.0'
target_alias=''
target_cpu='x86_64'
target_os='darwin19.5.0'
target_vendor='apple'

## ----------- ##
## confdefs.h. ##
## ----------- ##

/* confdefs.h */
#define PACKAGE_NAME "gtoaes"
#define PACKAGE_TARNAME "gtoaes"
#define PACKAGE_VERSION "0.8"
#define PACKAGE_STRING "gtoaes 0.8"
#define PACKAGE_BUGREPORT ""
#define PACKAGE_URL ""
#define PACKAGE "gtoaes"
#define VERSION "0.8"
#define HAVE_FTRUNCATE 1
#define HAVE_GETTIMEOFDAY 1
#define HAVE_MEMSET 1
#define HAVE_MKDIR 1
#define HAVE_SELECT 1
#define HAVE_SOCKET 1
#define HAVE_STRERROR 1
#define STDC_HEADERS 1
#define HAVE_SYS_TYPES_H 1
#define HAVE_SYS_STAT_H 1
#define HAVE_STDLIB_H 1
#define HAVE_STRING_H 1
#define HAVE_MEMORY_H 1
#define HAVE_STRINGS_H 1
#define HAVE_INTTYPES_H 1
#define HAVE_STDINT_H 1
#define HAVE_UNISTD_H 1
#define HAVE_FCNTL_H 1
#define HAVE_NETDB_H 1
#define HAVE_STDLIB_H 1
#define HAVE_STRING_H 1
#define HAVE_SYS_SOCKET_H 1
#define HAVE_SYS_TIME_H 1
#define HAVE_SYSLOG_H 1
#define HAVE_UNISTD_H 1
#define HAVE__BOOL 1
#define HAVE_FORK 1
#define HAVE_VFORK 1
#define HAVE_WORKING_VFORK 1
#define HAVE_WORKING_FORK 1
#define HAVE_STDLIB_H 1
#define HAVE_MALLOC 1
#define HAVE_STDLIB_H 1
#define HAVE_REALLOC 1

configure: exit 0

## ---------------------- ##
## Running config.status. ##
## ---------------------- ##

This file was extended by gtoaes config.status 0.8, which was
generated by GNU Autoconf 2.69.  Invocation command line was

  CONFIG_FILES    = 
  CONFIG_HEADERS  = 
  CONFIG_LINKS    = 
  CONFIG_COMMANDS = 
  $ ./config.status config.h

on nebula

config.status:903: creating config.h
config.status:1069: config.h is unchanged

## ---------------------- ##
## Running config.status. ##
## ---------------------- ##

This file was extended by gtoaes config.status 0.8, which was
generated by GNU Autoconf 2.69.  Invocation command line was

  CONFIG_FILES    = 
  CONFIG_HEADERS  = 
  CONFIG_LINKS    = 
  CONFIG_COMMANDS = 
  $ ./config.status src/Makefile depfiles

on nebula

config.status:903: creating src/Makefile
config.status:1117: executing depfiles commands
config.status:1194: cd src       && sed -e '/# am--include-marker/d' Makefile         | make -f - am--depfiles
config.status:1199: $? = 0
